{"total": {"lines":{"total":741,"covered":560,"skipped":0,"pct":75.57},"statements":{"total":762,"covered":579,"skipped":0,"pct":75.98},"functions":{"total":113,"covered":97,"skipped":0,"pct":85.84},"branches":{"total":616,"covered":397,"skipped":0,"pct":64.44},"branchesTrue":{"total":0,"covered":0,"skipped":0,"pct":100}}
,"/Users/gmasci/Projects/mcp-scanner/src/mcp-manifest.ts": {"lines":{"total":37,"covered":33,"skipped":0,"pct":89.18},"functions":{"total":9,"covered":9,"skipped":0,"pct":100},"statements":{"total":39,"covered":35,"skipped":0,"pct":89.74},"branches":{"total":31,"covered":24,"skipped":0,"pct":77.41}}
,"/Users/gmasci/Projects/mcp-scanner/src/patcher.ts": {"lines":{"total":78,"covered":67,"skipped":0,"pct":85.89},"functions":{"total":14,"covered":13,"skipped":0,"pct":92.85},"statements":{"total":85,"covered":73,"skipped":0,"pct":85.88},"branches":{"total":63,"covered":45,"skipped":0,"pct":71.42}}
,"/Users/gmasci/Projects/mcp-scanner/src/proxy-generator.ts": {"lines":{"total":128,"covered":106,"skipped":0,"pct":82.81},"functions":{"total":25,"covered":21,"skipped":0,"pct":84},"statements":{"total":129,"covered":107,"skipped":0,"pct":82.94},"branches":{"total":88,"covered":64,"skipped":0,"pct":72.72}}
,"/Users/gmasci/Projects/mcp-scanner/src/proxy-scanner.ts": {"lines":{"total":197,"covered":157,"skipped":0,"pct":79.69},"functions":{"total":28,"covered":24,"skipped":0,"pct":85.71},"statements":{"total":202,"covered":161,"skipped":0,"pct":79.7},"branches":{"total":160,"covered":103,"skipped":0,"pct":64.37}}
,"/Users/gmasci/Projects/mcp-scanner/src/decorators/expose-tool.decorator.ts": {"lines":{"total":6,"covered":6,"skipped":0,"pct":100},"functions":{"total":3,"covered":3,"skipped":0,"pct":100},"statements":{"total":6,"covered":6,"skipped":0,"pct":100},"branches":{"total":4,"covered":4,"skipped":0,"pct":100}}
,"/Users/gmasci/Projects/mcp-scanner/src/decorators/tool.decorator.ts": {"lines":{"total":6,"covered":6,"skipped":0,"pct":100},"functions":{"total":3,"covered":3,"skipped":0,"pct":100},"statements":{"total":6,"covered":6,"skipped":0,"pct":100},"branches":{"total":4,"covered":4,"skipped":0,"pct":100}}
,"/Users/gmasci/Projects/mcp-scanner/src/scanner/tool-scanner.ts": {"lines":{"total":289,"covered":185,"skipped":0,"pct":64.01},"functions":{"total":31,"covered":24,"skipped":0,"pct":77.41},"statements":{"total":295,"covered":191,"skipped":0,"pct":64.74},"branches":{"total":266,"covered":153,"skipped":0,"pct":57.51}}
}
