{"total": {"lines":{"total":568,"covered":480,"skipped":0,"pct":84.5},"statements":{"total":582,"covered":492,"skipped":0,"pct":84.53},"functions":{"total":85,"covered":76,"skipped":0,"pct":89.41},"branches":{"total":455,"covered":329,"skipped":0,"pct":72.3},"branchesTrue":{"total":0,"covered":0,"skipped":0,"pct":100}}
,"C:\\Projects\\CodeArchitects\\mcp-scanner\\src\\patcher.ts": {"lines":{"total":76,"covered":65,"skipped":0,"pct":85.52},"functions":{"total":13,"covered":12,"skipped":0,"pct":92.3},"statements":{"total":82,"covered":70,"skipped":0,"pct":85.36},"branches":{"total":61,"covered":44,"skipped":0,"pct":72.13}}
,"C:\\Projects\\CodeArchitects\\mcp-scanner\\src\\proxy-generator.ts": {"lines":{"total":128,"covered":106,"skipped":0,"pct":82.81},"functions":{"total":25,"covered":21,"skipped":0,"pct":84},"statements":{"total":129,"covered":107,"skipped":0,"pct":82.94},"branches":{"total":88,"covered":64,"skipped":0,"pct":72.72}}
,"C:\\Projects\\CodeArchitects\\mcp-scanner\\src\\proxy-scanner.ts": {"lines":{"total":188,"covered":148,"skipped":0,"pct":78.72},"functions":{"total":25,"covered":21,"skipped":0,"pct":84},"statements":{"total":193,"covered":152,"skipped":0,"pct":78.75},"branches":{"total":150,"covered":94,"skipped":0,"pct":62.66}}
,"C:\\Projects\\CodeArchitects\\mcp-scanner\\src\\decorators\\expose-tool.decorator.ts": {"lines":{"total":6,"covered":6,"skipped":0,"pct":100},"functions":{"total":3,"covered":3,"skipped":0,"pct":100},"statements":{"total":6,"covered":6,"skipped":0,"pct":100},"branches":{"total":4,"covered":4,"skipped":0,"pct":100}}
,"C:\\Projects\\CodeArchitects\\mcp-scanner\\src\\decorators\\tool.decorator.ts": {"lines":{"total":6,"covered":6,"skipped":0,"pct":100},"functions":{"total":3,"covered":3,"skipped":0,"pct":100},"statements":{"total":6,"covered":6,"skipped":0,"pct":100},"branches":{"total":4,"covered":4,"skipped":0,"pct":100}}
,"C:\\Projects\\CodeArchitects\\mcp-scanner\\src\\scanner\\tool-scanner.ts": {"lines":{"total":164,"covered":149,"skipped":0,"pct":90.85},"functions":{"total":16,"covered":16,"skipped":0,"pct":100},"statements":{"total":166,"covered":151,"skipped":0,"pct":90.96},"branches":{"total":148,"covered":119,"skipped":0,"pct":80.4}}
}
